# JRE version: Java(TM) SE Runtime Environment (8.0_101-b13) (build 1.8.0_101-b13)
# Java VM: Java HotSpot(TM) 64-Bit Server VM (25.101-b13 mixed mode windows-amd64 compressed oops)
Heap:
 PSYoungGen      total 232960K, used 151220K [0x00000000d6200000, 0x00000000e9f00000, 0x0000000100000000)
  eden space 228864K, 66% used [0x00000000d6200000,0x00000000df5ad120,0x00000000e4180000)
  from space 4096K, 0% used [0x00000000e4180000,0x00000000e4180000,0x00000000e4580000)
  to   space 3584K, 0% used [0x00000000e9b80000,0x00000000e9b80000,0x00000000e9f00000)
 ParOldGen       total 813056K, used 786778K [0x0000000082600000, 0x00000000b4000000, 0x00000000d6200000)
  object space 813056K, 96% used [0x0000000082600000,0x00000000b2656908,0x00000000b4000000)
 Metaspace       used 10969K, capacity 11190K, committed 11264K, reserved 1058816K
  class space    used 1421K, capacity 1511K, committed 1536K, reserved 1048576K
GC Heap History (10 events):
Event: 3.057 GC heap before
{Heap before GC invocations=18 (full 8):
 PSYoungGen      total 232960K, used 288K [0x00000000d6200000, 0x00000000e4e80000, 0x0000000100000000)
  eden space 228864K, 0% used [0x00000000d6200000,0x00000000d6200000,0x00000000e4180000)
  from space 4096K, 7% used [0x00000000e4580000,0x00000000e45c8000,0x00000000e4980000)
  to   space 4096K, 0% used [0x00000000e4180000,0x00000000e4180000,0x00000000e4580000)
 ParOldGen       total 813056K, used 674608K [0x0000000082600000, 0x00000000b4000000, 0x00000000d6200000)
  object space 813056K, 82% used [0x0000000082600000,0x00000000ab8cc390,0x00000000b4000000)
 Metaspace       used 9471K, capacity 9606K, committed 9856K, reserved 1058816K
  class space    used 1264K, capacity 1349K, committed 1408K, reserved 1048576K
Event: 3.078 GC heap after
Heap after GC invocations=18 (full 8):
 PSYoungGen      total 232960K, used 0K [0x00000000d6200000, 0x00000000e4e80000, 0x0000000100000000)
  eden space 228864K, 0% used [0x00000000d6200000,0x00000000d6200000,0x00000000e4180000)
  from space 4096K, 0% used [0x00000000e4580000,0x00000000e4580000,0x00000000e4980000)
  to   space 4096K, 0% used [0x00000000e4180000,0x00000000e4180000,0x00000000e4580000)
 ParOldGen       total 813056K, used 506626K [0x0000000082600000, 0x00000000b4000000, 0x00000000d6200000)
  object space 813056K, 62% used [0x0000000082600000,0x00000000a14c0ab8,0x00000000b4000000)
 Metaspace       used 9471K, capacity 9606K, committed 9856K, reserved 1058816K
  class space    used 1264K, capacity 1349K, committed 1408K, reserved 1048576K
}
Event: 3.691 GC heap before
{Heap before GC invocations=19 (full 8):
 PSYoungGen      total 232960K, used 228864K [0x00000000d6200000, 0x00000000e4e80000, 0x0000000100000000)
  eden space 228864K, 100% used [0x00000000d6200000,0x00000000e4180000,0x00000000e4180000)
  from space 4096K, 0% used [0x00000000e4580000,0x00000000e4580000,0x00000000e4980000)
  to   space 4096K, 0% used [0x00000000e4180000,0x00000000e4180000,0x00000000e4580000)
 ParOldGen       total 813056K, used 506626K [0x0000000082600000, 0x00000000b4000000, 0x00000000d6200000)
  object space 813056K, 62% used [0x0000000082600000,0x00000000a14c0ab8,0x00000000b4000000)
 Metaspace       used 9472K, capacity 9606K, committed 9856K, reserved 1058816K
  class space    used 1264K, capacity 1349K, committed 1408K, reserved 1048576K
Event: 3.737 GC heap after
Heap after GC invocations=19 (full 8):
 PSYoungGen      total 232960K, used 288K [0x00000000d6200000, 0x00000000e9f00000, 0x0000000100000000)
  eden space 228864K, 0% used [0x00000000d6200000,0x00000000d6200000,0x00000000e4180000)
  from space 4096K, 7% used [0x00000000e4180000,0x00000000e41c8000,0x00000000e4580000)
  to   space 3584K, 0% used [0x00000000e9b80000,0x00000000e9b80000,0x00000000e9f00000)
 ParOldGen       total 813056K, used 719288K [0x0000000082600000, 0x00000000b4000000, 0x00000000d6200000)
  object space 813056K, 88% used [0x0000000082600000,0x00000000ae46e308,0x00000000b4000000)
 Metaspace       used 9472K, capacity 9606K, committed 9856K, reserved 1058816K
  class space    used 1264K, capacity 1349K, committed 1408K, reserved 1048576K
}
Event: 3.737 GC heap before
{Heap before GC invocations=20 (full 9):
 PSYoungGen      total 232960K, used 288K [0x00000000d6200000, 0x00000000e9f00000, 0x0000000100000000)
  eden space 228864K, 0% used [0x00000000d6200000,0x00000000d6200000,0x00000000e4180000)
  from space 4096K, 7% used [0x00000000e4180000,0x00000000e41c8000,0x00000000e4580000)
  to   space 3584K, 0% used [0x00000000e9b80000,0x00000000e9b80000,0x00000000e9f00000)
 ParOldGen       total 813056K, used 719288K [0x0000000082600000, 0x00000000b4000000, 0x00000000d6200000)
  object space 813056K, 88% used [0x0000000082600000,0x00000000ae46e308,0x00000000b4000000)
 Metaspace       used 9472K, capacity 9606K, committed 9856K, reserved 1058816K
  class space    used 1264K, capacity 1349K, committed 1408K, reserved 1048576K
Event: 3.752 GC heap after
Heap after GC invocations=20 (full 9):
 PSYoungGen      total 232960K, used 0K [0x00000000d6200000, 0x00000000e9f00000, 0x0000000100000000)
  eden space 228864K, 0% used [0x00000000d6200000,0x00000000d6200000,0x00000000e4180000)
  from space 4096K, 0% used [0x00000000e4180000,0x00000000e4180000,0x00000000e4580000)
  to   space 3584K, 0% used [0x00000000e9b80000,0x00000000e9b80000,0x00000000e9f00000)
 ParOldGen       total 813056K, used 593702K [0x0000000082600000, 0x00000000b4000000, 0x00000000d6200000)
  object space 813056K, 73% used [0x0000000082600000,0x00000000a69c98c8,0x00000000b4000000)
 Metaspace       used 9472K, capacity 9606K, committed 9856K, reserved 1058816K
  class space    used 1264K, capacity 1349K, committed 1408K, reserved 1048576K
}
Event: 4.206 GC heap before
{Heap before GC invocations=21 (full 10):
 PSYoungGen      total 232960K, used 228864K [0x00000000d6200000, 0x00000000e9f00000, 0x0000000100000000)
  eden space 228864K, 100% used [0x00000000d6200000,0x00000000e4180000,0x00000000e4180000)
  from space 4096K, 0% used [0x00000000e4180000,0x00000000e4180000,0x00000000e4580000)
  to   space 3584K, 0% used [0x00000000e9b80000,0x00000000e9b80000,0x00000000e9f00000)
 ParOldGen       total 813056K, used 593702K [0x0000000082600000, 0x00000000b4000000, 0x00000000d6200000)
  object space 813056K, 73% used [0x0000000082600000,0x00000000a69c98c8,0x00000000b4000000)
 Metaspace       used 9474K, capacity 9670K, committed 9856K, reserved 1058816K
  class space    used 1264K, capacity 1349K, committed 1408K, reserved 1048576K
Event: 4.279 GC heap after
Heap after GC invocations=21 (full 10):
 PSYoungGen      total 232960K, used 0K [0x00000000d6200000, 0x00000000e9f00000, 0x0000000100000000)
  eden space 228864K, 0% used [0x00000000d6200000,0x00000000d6200000,0x00000000e4180000)
  from space 4096K, 0% used [0x00000000e4180000,0x00000000e4180000,0x00000000e4580000)
  to   space 3584K, 0% used [0x00000000e9b80000,0x00000000e9b80000,0x00000000e9f00000)
 ParOldGen       total 813056K, used 702489K [0x0000000082600000, 0x00000000b4000000, 0x00000000d6200000)
  object space 813056K, 86% used [0x0000000082600000,0x00000000ad406428,0x00000000b4000000)
 Metaspace       used 9474K, capacity 9670K, committed 9856K, reserved 1058816K
  class space    used 1264K, capacity 1349K, committed 1408K, reserved 1048576K
}
Event: 4.740 GC heap before
{Heap before GC invocations=22 (full 11):
 PSYoungGen      total 232960K, used 228864K [0x00000000d6200000, 0x00000000e9f00000, 0x0000000100000000)
  eden space 228864K, 100% used [0x00000000d6200000,0x00000000e4180000,0x00000000e4180000)
  from space 4096K, 0% used [0x00000000e4180000,0x00000000e4180000,0x00000000e4580000)
  to   space 3584K, 0% used [0x00000000e9b80000,0x00000000e9b80000,0x00000000e9f00000)
 ParOldGen       total 813056K, used 702489K [0x0000000082600000, 0x00000000b4000000, 0x00000000d6200000)
  object space 813056K, 86% used [0x0000000082600000,0x00000000ad406428,0x00000000b4000000)
 Metaspace       used 9474K, capacity 9670K, committed 9856K, reserved 1058816K
  class space    used 1264K, capacity 1349K, committed 1408K, reserved 1048576K
Event: 4.866 GC heap after
Heap after GC invocations=22 (full 11):
 PSYoungGen      total 232960K, used 42125K [0x00000000d6200000, 0x00000000e9f00000, 0x0000000100000000)
  eden space 228864K, 18% used [0x00000000d6200000,0x00000000d8b23410,0x00000000e4180000)
  from space 4096K, 0% used [0x00000000e4180000,0x00000000e4180000,0x00000000e4580000)
  to   space 3584K, 0% used [0x00000000e9b80000,0x00000000e9b80000,0x00000000e9f00000)
 ParOldGen       total 813056K, used 786778K [0x0000000082600000, 0x00000000b4000000, 0x00000000d6200000)
  object space 813056K, 96% used [0x0000000082600000,0x00000000b2656908,0x00000000b4000000)
 Metaspace       used 9474K, capacity 9670K, committed 9856K, reserved 1058816K
  class space    used 1264K, capacity 1349K, committed 1408K, reserved 1048576K
}

